<?xml version="1.0" encoding="UTF-8"?>
<!-- Generated by org.testng.reporters.JUnitXMLReporter -->
<testsuite ignored="6" hostname="LTIN486037" failures="0" tests="3" name="new tests" time="0.088" errors="0" timestamp="2024-03-24T10:06:30 IST">
  <testcase classname="TestNG.Grouping" name="signupByFacebook" time="0.011"/>
  <testcase classname="TestNG.Grouping" name="signupByTwitter" time="0.002"/>
  <testcase classname="TestNG.Grouping" name="paymentReturnByBank" time="0.001"/>
  <testcase classname="TestNG.Grouping" name="signupByEmail" time="0.0">
    <ignored/>
  </testcase> <!-- signupByEmail -->
  <testcase classname="TestNG.Grouping" name="paymentinrupees" time="0.0">
    <ignored/>
  </testcase> <!-- paymentinrupees -->
  <testcase classname="TestNG.Grouping" name="loginByEmail" time="0.0">
    <ignored/>
  </testcase> <!-- loginByEmail -->
  <testcase classname="TestNG.Grouping" name="loginByTwitter" time="0.0">
    <ignored/>
  </testcase> <!-- loginByTwitter -->
  <testcase classname="TestNG.Grouping" name="loginByFacebook" time="0.0">
    <ignored/>
  </testcase> <!-- loginByFacebook -->
  <testcase classname="TestNG.Grouping" name="paymentindollars" time="0.0">
    <ignored/>
  </testcase> <!-- paymentindollars -->
</testsuite> <!-- new tests -->
